<?xml version="1.0" encoding="UTF-8"?>
<!-- Generated by org.testng.reporters.JUnitReportReporter -->
<testsuite skipped="0" hostname="LAPTOP-BPL6MCEE" name="testCasesForPostman.Deleting_A_Product" tests="1" failures="0" timestamp="03 Jul 2021 18:10:19 GMT" time="1.542" errors="0">
  <testcase name="delete_a_product" time="1.542" classname="testCasesForPostman.Deleting_A_Product"/>
</testsuite> <!-- testCasesForPostman.Deleting_A_Product -->
