<?xml version="1.0" encoding="UTF-8"?>
<!-- Generated by org.testng.reporters.JUnitReportReporter -->
<testsuite skipped="0" hostname="LAPTOP-BPL6MCEE" name="testCasesForPostman.Getting_All_Product" tests="1" failures="0" timestamp="03 Jul 2021 00:26:25 GMT" time="2.260" errors="0">
  <testcase name="reading_All_Product" time="2.260" classname="testCasesForPostman.Getting_All_Product"/>
</testsuite> <!-- testCasesForPostman.Getting_All_Product -->
