<?xml version="1.0" encoding="UTF-8"?>
<!-- Generated by org.testng.reporters.JUnitReportReporter -->
<testsuite skipped="0" hostname="LAPTOP-BPL6MCEE" name="testCasesForPostman.Creating_A_Product" tests="1" failures="0" timestamp="03 Jul 2021 16:50:25 GMT" time="1.435" errors="0">
  <testcase name="create_A_Product" time="1.435" classname="testCasesForPostman.Creating_A_Product"/>
</testsuite> <!-- testCasesForPostman.Creating_A_Product -->
