<?xml version="1.0" encoding="UTF-8"?>
<!-- Generated by org.testng.reporters.JUnitReportReporter -->
<testsuite skipped="0" hostname="LAPTOP-BPL6MCEE" name="testCasesForPostman.Getting_A_Product" tests="1" failures="0" timestamp="01 Jul 2021 23:06:18 GMT" time="1.672" errors="0">
  <testcase name="getting_One_Product" time="1.672" classname="testCasesForPostman.Getting_A_Product"/>
</testsuite> <!-- testCasesForPostman.Getting_A_Product -->
