<?xml version="1.0" encoding="UTF-8"?>
<!-- Generated by org.testng.reporters.JUnitReportReporter -->
<testsuite skipped="0" hostname="LAPTOP-BPL6MCEE" name="testCasesForPostman.Updating_A_Product" tests="1" failures="0" timestamp="03 Jul 2021 17:26:54 GMT" time="1.848" errors="0">
  <testcase name="update_a_product" time="1.848" classname="testCasesForPostman.Updating_A_Product"/>
</testsuite> <!-- testCasesForPostman.Updating_A_Product -->
